TN:
SF:src\components\List.tsx
FN:7,List
FN:11,addToList
FN:17,removeFromList
FNF:3
FNH:3
FNDA:9,List
FNDA:1,addToList
FNDA:1,removeFromList
DA:1,1
DA:2,1
DA:3,1
DA:4,1
DA:5,1
DA:6,1
DA:7,1
DA:8,9
DA:9,9
DA:10,9
DA:11,9
DA:12,1
DA:13,1
DA:14,1
DA:15,1
DA:16,9
DA:17,9
DA:18,1
DA:19,1
DA:20,1
DA:21,1
DA:22,9
DA:23,9
DA:24,9
DA:25,9
DA:26,9
DA:27,9
DA:28,9
DA:29,9
DA:30,9
DA:31,9
DA:32,9
DA:33,9
DA:34,9
DA:35,9
DA:36,9
DA:37,9
DA:38,1
DA:39,1
LF:39
LH:39
BRDA:7,0,0,9
BRDA:11,1,0,1
BRDA:12,2,0,1
BRDA:17,3,0,1
BRDA:18,4,0,1
BRF:5
BRH:5
end_of_record
